# JRE version: Java(TM) SE Runtime Environment (8.0_65-b17) (build 1.8.0_65-b17)
# Java VM: Java HotSpot(TM) 64-Bit Server VM (25.65-b01 mixed mode windows-amd64 compressed oops)
Heap:
 PSYoungGen      total 194048K, used 109461K [0x00000000d5f80000, 0x00000000e2800000, 0x0000000100000000)
  eden space 183808K, 59% used [0x00000000d5f80000,0x00000000dca4d798,0x00000000e1300000)
  from space 10240K, 0% used [0x00000000e1e00000,0x00000000e1e18000,0x00000000e2800000)
  to   space 10752K, 0% used [0x00000000e1300000,0x00000000e1300000,0x00000000e1d80000)
 ParOldGen       total 268288K, used 211895K [0x0000000081e00000, 0x0000000092400000, 0x00000000d5f80000)
  object space 268288K, 78% used [0x0000000081e00000,0x000000008ecedce0,0x0000000092400000)
 Metaspace       used 21282K, capacity 21550K, committed 21760K, reserved 1069056K
  class space    used 2426K, capacity 2549K, committed 2560K, reserved 1048576K
GC Heap History (10 events):
Event: 12.753 GC heap before
{Heap before GC invocations=13 (full 1):
 PSYoungGen      total 194560K, used 107501K [0x00000000d5f80000, 0x00000000e2800000, 0x0000000100000000)
  eden space 183808K, 58% used [0x00000000d5f80000,0x00000000dc863780,0x00000000e1300000)
  from space 10752K, 0% used [0x00000000e1300000,0x00000000e1318000,0x00000000e1d80000)
  to   space 10240K, 0% used [0x00000000e1e00000,0x00000000e1e00000,0x00000000e2800000)
 ParOldGen       total 268288K, used 211783K [0x0000000081e00000, 0x0000000092400000, 0x00000000d5f80000)
  object space 268288K, 78% used [0x0000000081e00000,0x000000008ecd1ce0,0x0000000092400000)
 Metaspace       used 21149K, capacity 21336K, committed 21760K, reserved 1069056K
  class space    used 2414K, capacity 2508K, committed 2560K, reserved 1048576K
Event: 12.759 GC heap after
Heap after GC invocations=13 (full 1):
 PSYoungGen      total 194048K, used 96K [0x00000000d5f80000, 0x00000000e2800000, 0x0000000100000000)
  eden space 183808K, 0% used [0x00000000d5f80000,0x00000000d5f80000,0x00000000e1300000)
  from space 10240K, 0% used [0x00000000e1e00000,0x00000000e1e18000,0x00000000e2800000)
  to   space 10752K, 0% used [0x00000000e1300000,0x00000000e1300000,0x00000000e1d80000)
 ParOldGen       total 268288K, used 211807K [0x0000000081e00000, 0x0000000092400000, 0x00000000d5f80000)
  object space 268288K, 78% used [0x0000000081e00000,0x000000008ecd7ce0,0x0000000092400000)
 Metaspace       used 21149K, capacity 21336K, committed 21760K, reserved 1069056K
  class space    used 2414K, capacity 2508K, committed 2560K, reserved 1048576K
}
Event: 12.984 GC heap before
{Heap before GC invocations=14 (full 1):
 PSYoungGen      total 194048K, used 107956K [0x00000000d5f80000, 0x00000000e2800000, 0x0000000100000000)
  eden space 183808K, 58% used [0x00000000d5f80000,0x00000000dc8d5318,0x00000000e1300000)
  from space 10240K, 0% used [0x00000000e1e00000,0x00000000e1e18000,0x00000000e2800000)
  to   space 10752K, 0% used [0x00000000e1300000,0x00000000e1300000,0x00000000e1d80000)
 ParOldGen       total 268288K, used 211807K [0x0000000081e00000, 0x0000000092400000, 0x00000000d5f80000)
  object space 268288K, 78% used [0x0000000081e00000,0x000000008ecd7ce0,0x0000000092400000)
 Metaspace       used 21156K, capacity 21336K, committed 21760K, reserved 1069056K
  class space    used 2414K, capacity 2508K, committed 2560K, reserved 1048576K
Event: 12.992 GC heap after
Heap after GC invocations=14 (full 1):
 PSYoungGen      total 194560K, used 64K [0x00000000d5f80000, 0x00000000e2800000, 0x0000000100000000)
  eden space 183808K, 0% used [0x00000000d5f80000,0x00000000d5f80000,0x00000000e1300000)
  from space 10752K, 0% used [0x00000000e1300000,0x00000000e1310000,0x00000000e1d80000)
  to   space 10240K, 0% used [0x00000000e1e00000,0x00000000e1e00000,0x00000000e2800000)
 ParOldGen       total 268288K, used 211823K [0x0000000081e00000, 0x0000000092400000, 0x00000000d5f80000)
  object space 268288K, 78% used [0x0000000081e00000,0x000000008ecdbce0,0x0000000092400000)
 Metaspace       used 21156K, capacity 21336K, committed 21760K, reserved 1069056K
  class space    used 2414K, capacity 2508K, committed 2560K, reserved 1048576K
}
Event: 13.243 GC heap before
{Heap before GC invocations=15 (full 1):
 PSYoungGen      total 194560K, used 107827K [0x00000000d5f80000, 0x00000000e2800000, 0x0000000100000000)
  eden space 183808K, 58% used [0x00000000d5f80000,0x00000000dc8bcfb8,0x00000000e1300000)
  from space 10752K, 0% used [0x00000000e1300000,0x00000000e1310000,0x00000000e1d80000)
  to   space 10240K, 0% used [0x00000000e1e00000,0x00000000e1e00000,0x00000000e2800000)
 ParOldGen       total 268288K, used 211823K [0x0000000081e00000, 0x0000000092400000, 0x00000000d5f80000)
  object space 268288K, 78% used [0x0000000081e00000,0x000000008ecdbce0,0x0000000092400000)
 Metaspace       used 21164K, capacity 21336K, committed 21760K, reserved 1069056K
  class space    used 2414K, capacity 2508K, committed 2560K, reserved 1048576K
Event: 13.251 GC heap after
Heap after GC invocations=15 (full 1):
 PSYoungGen      total 194048K, used 96K [0x00000000d5f80000, 0x00000000e2800000, 0x0000000100000000)
  eden space 183808K, 0% used [0x00000000d5f80000,0x00000000d5f80000,0x00000000e1300000)
  from space 10240K, 0% used [0x00000000e1e00000,0x00000000e1e18000,0x00000000e2800000)
  to   space 10752K, 0% used [0x00000000e1300000,0x00000000e1300000,0x00000000e1d80000)
 ParOldGen       total 268288K, used 211839K [0x0000000081e00000, 0x0000000092400000, 0x00000000d5f80000)
  object space 268288K, 78% used [0x0000000081e00000,0x000000008ecdfce0,0x0000000092400000)
 Metaspace       used 21164K, capacity 21336K, committed 21760K, reserved 1069056K
  class space    used 2414K, capacity 2508K, committed 2560K, reserved 1048576K
}
Event: 13.449 GC heap before
{Heap before GC invocations=16 (full 1):
 PSYoungGen      total 194048K, used 108344K [0x00000000d5f80000, 0x00000000e2800000, 0x0000000100000000)
  eden space 183808K, 58% used [0x00000000d5f80000,0x00000000dc9362e0,0x00000000e1300000)
  from space 10240K, 0% used [0x00000000e1e00000,0x00000000e1e18000,0x00000000e2800000)
  to   space 10752K, 0% used [0x00000000e1300000,0x00000000e1300000,0x00000000e1d80000)
 ParOldGen       total 268288K, used 211839K [0x0000000081e00000, 0x0000000092400000, 0x00000000d5f80000)
  object space 268288K, 78% used [0x0000000081e00000,0x000000008ecdfce0,0x0000000092400000)
 Metaspace       used 21186K, capacity 21412K, committed 21760K, reserved 1069056K
  class space    used 2415K, capacity 2510K, committed 2560K, reserved 1048576K
Event: 13.453 GC heap after
Heap after GC invocations=16 (full 1):
 PSYoungGen      total 194560K, used 64K [0x00000000d5f80000, 0x00000000e2800000, 0x0000000100000000)
  eden space 183808K, 0% used [0x00000000d5f80000,0x00000000d5f80000,0x00000000e1300000)
  from space 10752K, 0% used [0x00000000e1300000,0x00000000e1310000,0x00000000e1d80000)
  to   space 10240K, 0% used [0x00000000e1e00000,0x00000000e1e00000,0x00000000e2800000)
 ParOldGen       total 268288K, used 211871K [0x0000000081e00000, 0x0000000092400000, 0x00000000d5f80000)
  object space 268288K, 78% used [0x0000000081e00000,0x000000008ece7ce0,0x0000000092400000)
 Metaspace       used 21186K, capacity 21412K, committed 21760K, reserved 1069056K
  class space    used 2415K, capacity 2510K, committed 2560K, reserved 1048576K
}
Event: 13.656 GC heap before
{Heap before GC invocations=17 (full 1):
 PSYoungGen      total 194560K, used 107864K [0x00000000d5f80000, 0x00000000e2800000, 0x0000000100000000)
  eden space 183808K, 58% used [0x00000000d5f80000,0x00000000dc8c61c8,0x00000000e1300000)
  from space 10752K, 0% used [0x00000000e1300000,0x00000000e1310000,0x00000000e1d80000)
  to   space 10240K, 0% used [0x00000000e1e00000,0x00000000e1e00000,0x00000000e2800000)
 ParOldGen       total 268288K, used 211871K [0x0000000081e00000, 0x0000000092400000, 0x00000000d5f80000)
  object space 268288K, 78% used [0x0000000081e00000,0x000000008ece7ce0,0x0000000092400000)
 Metaspace       used 21222K, capacity 21518K, committed 21760K, reserved 1069056K
  class space    used 2419K, capacity 2517K, committed 2560K, reserved 1048576K
Event: 13.660 GC heap after
Heap after GC invocations=17 (full 1):
 PSYoungGen      total 194048K, used 96K [0x00000000d5f80000, 0x00000000e2800000, 0x0000000100000000)
  eden space 183808K, 0% used [0x00000000d5f80000,0x00000000d5f80000,0x00000000e1300000)
  from space 10240K, 0% used [0x00000000e1e00000,0x00000000e1e18000,0x00000000e2800000)
  to   space 10752K, 0% used [0x00000000e1300000,0x00000000e1300000,0x00000000e1d80000)
 ParOldGen       total 268288K, used 211895K [0x0000000081e00000, 0x0000000092400000, 0x00000000d5f80000)
  object space 268288K, 78% used [0x0000000081e00000,0x000000008ecedce0,0x0000000092400000)
 Metaspace       used 21222K, capacity 21518K, committed 21760K, reserved 1069056K
  class space    used 2419K, capacity 2517K, committed 2560K, reserved 1048576K
}

